# JRE version: OpenJDK Runtime Environment (21.0.4) (build 21.0.4+-12508038-b607.1)
# Java VM: OpenJDK 64-Bit Server VM (21.0.4+-12508038-b607.1, mixed mode, tiered, compressed oops, compressed class ptrs, g1 gc, windows-amd64)
GC Precious Log:
 CardTable entry size: 512
 Card Set container configuration: InlinePtr #cards 5 size 8 Array Of Cards #cards 12 size 40 Howl #buckets 4 coarsen threshold 1843 Howl Bitmap #cards 512 size 80 coarsen threshold 460 Card regions per heap region 1 cards per card region 2048
 CPUs: 12 total, 12 available
 Memory: 16267M
 Large Page Support: Disabled
 NUMA Support: Disabled
 Compressed Oops: Enabled (32-bit)
 Heap Region Size: 1M
 Heap Min Capacity: 8M
 Heap Initial Capacity: 256M
 Heap Max Capacity: 2G
 Pre-touch: Disabled
 Parallel Workers: 10
 Concurrent Workers: 3
 Concurrent Refinement Workers: 10
 Periodic GC: Disabled
Heap:
 garbage-first heap   total 489472K, used 321730K [0x0000000080000000, 0x0000000100000000)
  region size 1024K, 142 young (145408K), 7 survivors (7168K)
 Metaspace       used 158658K, committed 160320K, reserved 1245184K
  class space    used 20669K, committed 21504K, reserved 1048576K
GC Heap History (20 events):
Event: 2318.673 GC heap before
{Heap before GC invocations=97 (full 0):
 garbage-first heap   total 582656K, used 435943K [0x0000000080000000, 0x0000000100000000)
  region size 1024K, 219 young (224256K), 31 survivors (31744K)
 Metaspace       used 148631K, committed 153408K, reserved 1245184K
  class space    used 19364K, committed 21120K, reserved 1048576K
}
Event: 2318.676 GC heap after
{Heap after GC invocations=98 (full 0):
 garbage-first heap   total 582656K, used 156234K [0x0000000080000000, 0x0000000100000000)
  region size 1024K, 5 young (5120K), 5 survivors (5120K)
 Metaspace       used 148631K, committed 153408K, reserved 1245184K
  class space    used 19364K, committed 21120K, reserved 1048576K
}
Event: 2320.186 GC heap before
{Heap before GC invocations=98 (full 0):
 garbage-first heap   total 582656K, used 419402K [0x0000000080000000, 0x0000000100000000)
  region size 1024K, 230 young (235520K), 5 survivors (5120K)
 Metaspace       used 148665K, committed 153408K, reserved 1245184K
  class space    used 19364K, committed 21120K, reserved 1048576K
}
Event: 2320.193 GC heap after
{Heap after GC invocations=99 (full 0):
 garbage-first heap   total 582656K, used 156586K [0x0000000080000000, 0x0000000100000000)
  region size 1024K, 14 young (14336K), 14 survivors (14336K)
 Metaspace       used 148665K, committed 153408K, reserved 1245184K
  class space    used 19364K, committed 21120K, reserved 1048576K
}
Event: 2320.261 GC heap before
{Heap before GC invocations=99 (full 0):
 garbage-first heap   total 582656K, used 189354K [0x0000000080000000, 0x0000000100000000)
  region size 1024K, 48 young (49152K), 14 survivors (14336K)
 Metaspace       used 148677K, committed 153408K, reserved 1245184K
  class space    used 19364K, committed 21120K, reserved 1048576K
}
Event: 2320.265 GC heap after
{Heap after GC invocations=100 (full 0):
 garbage-first heap   total 582656K, used 156905K [0x0000000080000000, 0x0000000100000000)
  region size 1024K, 15 young (15360K), 15 survivors (15360K)
 Metaspace       used 148677K, committed 153408K, reserved 1245184K
  class space    used 19364K, committed 21120K, reserved 1048576K
}
Event: 2354.322 GC heap before
{Heap before GC invocations=101 (full 0):
 garbage-first heap   total 573440K, used 460009K [0x0000000080000000, 0x0000000100000000)
  region size 1024K, 265 young (271360K), 15 survivors (15360K)
 Metaspace       used 148757K, committed 153408K, reserved 1245184K
  class space    used 19358K, committed 21120K, reserved 1048576K
}
Event: 2354.327 GC heap after
{Heap after GC invocations=102 (full 0):
 garbage-first heap   total 573440K, used 140273K [0x0000000080000000, 0x0000000100000000)
  region size 1024K, 15 young (15360K), 15 survivors (15360K)
 Metaspace       used 148757K, committed 153408K, reserved 1245184K
  class space    used 19358K, committed 21120K, reserved 1048576K
}
Event: 4342.710 GC heap before
{Heap before GC invocations=102 (full 0):
 garbage-first heap   total 573440K, used 453617K [0x0000000080000000, 0x0000000100000000)
  region size 1024K, 288 young (294912K), 15 survivors (15360K)
 Metaspace       used 148935K, committed 153408K, reserved 1245184K
  class space    used 19370K, committed 21120K, reserved 1048576K
}
Event: 4342.726 GC heap after
{Heap after GC invocations=103 (full 0):
 garbage-first heap   total 573440K, used 122207K [0x0000000080000000, 0x0000000100000000)
  region size 1024K, 9 young (9216K), 9 survivors (9216K)
 Metaspace       used 148935K, committed 153408K, reserved 1245184K
  class space    used 19370K, committed 21120K, reserved 1048576K
}
Event: 4343.609 GC heap before
{Heap before GC invocations=103 (full 0):
 garbage-first heap   total 573440K, used 182623K [0x0000000080000000, 0x0000000100000000)
  region size 1024K, 70 young (71680K), 9 survivors (9216K)
 Metaspace       used 148982K, committed 153472K, reserved 1245184K
  class space    used 19371K, committed 21120K, reserved 1048576K
}
Event: 4343.622 GC heap after
{Heap after GC invocations=104 (full 0):
 garbage-first heap   total 573440K, used 134946K [0x0000000080000000, 0x0000000100000000)
  region size 1024K, 21 young (21504K), 21 survivors (21504K)
 Metaspace       used 148982K, committed 153472K, reserved 1245184K
  class space    used 19371K, committed 21120K, reserved 1048576K
}
Event: 4805.182 GC heap before
{Heap before GC invocations=105 (full 0):
 garbage-first heap   total 485376K, used 421666K [0x0000000080000000, 0x0000000100000000)
  region size 1024K, 284 young (290816K), 21 survivors (21504K)
 Metaspace       used 149294K, committed 153536K, reserved 1245184K
  class space    used 19425K, committed 21120K, reserved 1048576K
}
Event: 4805.223 GC heap after
{Heap after GC invocations=106 (full 0):
 garbage-first heap   total 485376K, used 119483K [0x0000000080000000, 0x0000000100000000)
  region size 1024K, 5 young (5120K), 5 survivors (5120K)
 Metaspace       used 149294K, committed 153536K, reserved 1245184K
  class space    used 19425K, committed 21120K, reserved 1048576K
}
Event: 4807.064 GC heap before
{Heap before GC invocations=106 (full 0):
 garbage-first heap   total 485376K, used 433851K [0x0000000080000000, 0x0000000100000000)
  region size 1024K, 274 young (280576K), 5 survivors (5120K)
 Metaspace       used 149451K, committed 153600K, reserved 1245184K
  class space    used 19444K, committed 21120K, reserved 1048576K
}
Event: 4807.128 GC heap after
{Heap after GC invocations=107 (full 0):
 garbage-first heap   total 489472K, used 160135K [0x0000000080000000, 0x0000000100000000)
  region size 1024K, 35 young (35840K), 35 survivors (35840K)
 Metaspace       used 149451K, committed 153600K, reserved 1245184K
  class space    used 19444K, committed 21120K, reserved 1048576K
}
Event: 4809.672 GC heap before
{Heap before GC invocations=107 (full 0):
 garbage-first heap   total 489472K, used 338311K [0x0000000080000000, 0x0000000100000000)
  region size 1024K, 211 young (216064K), 35 survivors (35840K)
 Metaspace       used 151047K, committed 153600K, reserved 1245184K
  class space    used 19659K, committed 21120K, reserved 1048576K
}
Event: 4809.694 GC heap after
{Heap after GC invocations=108 (full 0):
 garbage-first heap   total 489472K, used 160723K [0x0000000080000000, 0x0000000100000000)
  region size 1024K, 11 young (11264K), 11 survivors (11264K)
 Metaspace       used 151047K, committed 153600K, reserved 1245184K
  class space    used 19659K, committed 21120K, reserved 1048576K
}
Event: 4811.657 GC heap before
{Heap before GC invocations=109 (full 0):
 garbage-first heap   total 489472K, used 448467K [0x0000000080000000, 0x0000000100000000)
  region size 1024K, 249 young (254976K), 11 survivors (11264K)
 Metaspace       used 158586K, committed 160256K, reserved 1245184K
  class space    used 20668K, committed 21504K, reserved 1048576K
}
Event: 4811.661 GC heap after
{Heap after GC invocations=110 (full 0):
 garbage-first heap   total 489472K, used 158914K [0x0000000080000000, 0x0000000100000000)
  region size 1024K, 7 young (7168K), 7 survivors (7168K)
 Metaspace       used 158586K, committed 160256K, reserved 1245184K
  class space    used 20668K, committed 21504K, reserved 1048576K
}

